<?xml version="1.0" encoding="UTF-8"?>
<testsuite name="com.bmcl.numbers.ListSorterTest" tests="1" skipped="0" failures="0" errors="0" timestamp="2023-10-13T17:06:15" hostname="LP-HMORAIS" time="0.002">
  <properties/>
  <testcase name="sort()" classname="com.bmcl.numbers.ListSorterTest" time="0.002"/>
  <system-out><![CDATA[]]></system-out>
  <system-err><![CDATA[]]></system-err>
</testsuite>
