<?xml version="1.0" encoding="UTF-8"?>
<testsuite name="com.bmcl.numbers.ListAggregatorTest" tests="6" skipped="0" failures="0" errors="0" timestamp="2023-10-13T17:06:15" hostname="LP-HMORAIS" time="0.021">
  <properties/>
  <testcase name="max_bug_8726()" classname="com.bmcl.numbers.ListAggregatorTest" time="0.009"/>
  <testcase name="maxbug7263()" classname="com.bmcl.numbers.ListAggregatorTest" time="0.001"/>
  <testcase name="max()" classname="com.bmcl.numbers.ListAggregatorTest" time="0.002"/>
  <testcase name="min()" classname="com.bmcl.numbers.ListAggregatorTest" time="0.001"/>
  <testcase name="sum()" classname="com.bmcl.numbers.ListAggregatorTest" time="0.002"/>
  <testcase name="distinct()" classname="com.bmcl.numbers.ListAggregatorTest" time="0.001"/>
  <system-out><![CDATA[]]></system-out>
  <system-err><![CDATA[]]></system-err>
</testsuite>
