<?xml version="1.0" encoding="UTF-8"?>
<testsuite name="com.bmcl.numbers.ListDeduplicatorTest" tests="3" skipped="0" failures="0" errors="0" timestamp="2024-11-14T17:24:38" hostname="LP-HMORAIS" time="0.008">
  <properties/>
  <testcase name="deduplicateEmptyList()" classname="com.bmcl.numbers.ListDeduplicatorTest" time="0.004"/>
  <testcase name="deduplicate()" classname="com.bmcl.numbers.ListDeduplicatorTest" time="0.002"/>
  <testcase name="deduplicateWithAllDuplicates()" classname="com.bmcl.numbers.ListDeduplicatorTest" time="0.001"/>
  <system-out><![CDATA[]]></system-out>
  <system-err><![CDATA[]]></system-err>
</testsuite>
